[debug] [2022-08-18T17:41:24.815Z] ----------------------------------------------------------------------
[debug] [2022-08-18T17:41:24.817Z] Command:       C:\Program Files\nodejs\node.exe C:\Users\hp\AppData\Roaming\npm\node_modules\firebase-tools\lib\bin\firebase.js init
[debug] [2022-08-18T17:41:24.818Z] CLI Version:   11.6.0
[debug] [2022-08-18T17:41:24.818Z] Platform:      win32
[debug] [2022-08-18T17:41:24.818Z] Node Version:  v16.16.0
[debug] [2022-08-18T17:41:24.819Z] Time:          Thu Aug 18 2022 23:11:24 GMT+0530 (India Standard Time)
[debug] [2022-08-18T17:41:24.819Z] ----------------------------------------------------------------------
[debug] 
[debug] [2022-08-18T17:41:24.885Z] > command requires scopes: ["email","openid","https://www.googleapis.com/auth/cloudplatformprojects.readonly","https://www.googleapis.com/auth/firebase","https://www.googleapis.com/auth/cloud-platform"]
[debug] [2022-08-18T17:41:24.885Z] > authorizing via signed-in user (abhishek.19je0027@ece.iitism.ac.in)
[info] 
     ######## #### ########  ######## ########     ###     ######  ########
     ##        ##  ##     ## ##       ##     ##  ##   ##  ##       ##
     ######    ##  ########  ######   ########  #########  ######  ######
     ##        ##  ##    ##  ##       ##     ## ##     ##       ## ##
     ##       #### ##     ## ######## ########  ##     ##  ######  ########

You're about to initialize a Firebase project in this directory:

  C:\Users\hp\Downloads\clone-2

Before we get started, keep in mind:

  * You are initializing within an existing Firebase project directory

